Fold 0
Model 0 best validation rmse = 3.010870 on epoch 0
Model 0 test rmse = 2.637835
Ensemble test rmse = 2.637835
1-fold cross validation
Seed 0 ==> test rmse = 2.637835
Overall test rmse = 2.637835 +/- 0.000000
Fold 0
Model 0 best validation rmse = 3.597879 on epoch 0
Model 0 test rmse = 2.041888
Ensemble test rmse = 2.041888
1-fold cross validation
Seed 0 ==> test rmse = 2.041888
Overall test rmse = 2.041888 +/- 0.000000
Fold 0
Model 0 best validation rmse = 2.438543 on epoch 0
Model 0 test rmse = 3.042391
Ensemble test rmse = 3.042391
1-fold cross validation
Seed 0 ==> test rmse = 3.042391
Overall test rmse = 3.042391 +/- 0.000000
Fold 0
Model 0 best validation rmse = 2.702417 on epoch 0
Model 0 test rmse = 2.822858
Ensemble test rmse = 2.822858
1-fold cross validation
Seed 0 ==> test rmse = 2.822858
Overall test rmse = 2.822858 +/- 0.000000
Fold 0
Model 0 best validation rmse = 3.951837 on epoch 0
Model 0 test rmse = 1.876617
Ensemble test rmse = 1.876617
1-fold cross validation
Seed 0 ==> test rmse = 1.876617
Overall test rmse = 1.876617 +/- 0.000000
Fold 0
Model 0 best validation rmse = 2.978996 on epoch 0
Model 0 test rmse = 2.241398
Ensemble test rmse = 2.241398
1-fold cross validation
Seed 0 ==> test rmse = 2.241398
Overall test rmse = 2.241398 +/- 0.000000
Fold 0
Model 0 best validation rmse = 3.208484 on epoch 0
Model 0 test rmse = 2.413307
Ensemble test rmse = 2.413307
1-fold cross validation
Seed 0 ==> test rmse = 2.413307
Overall test rmse = 2.413307 +/- 0.000000
Fold 0
Model 0 best validation rmse = 2.828393 on epoch 0
Model 0 test rmse = 2.418472
Ensemble test rmse = 2.418472
1-fold cross validation
Seed 0 ==> test rmse = 2.418472
Overall test rmse = 2.418472 +/- 0.000000
Fold 0
Model 0 best validation rmse = 2.680624 on epoch 0
Model 0 test rmse = 2.594328
Ensemble test rmse = 2.594328
1-fold cross validation
Seed 0 ==> test rmse = 2.594328
Overall test rmse = 2.594328 +/- 0.000000
Fold 0
Model 0 best validation rmse = 3.112161 on epoch 0
Model 0 test rmse = 2.867011
Ensemble test rmse = 2.867011
1-fold cross validation
Seed 0 ==> test rmse = 2.867011
Overall test rmse = 2.867011 +/- 0.000000
Fold 0
Model 0 best validation rmse = 2.522661 on epoch 0
Model 0 test rmse = 3.887460
Ensemble test rmse = 3.887460
1-fold cross validation
Seed 0 ==> test rmse = 3.887460
Overall test rmse = 3.887460 +/- 0.000000
Fold 0
Model 0 best validation rmse = 3.484906 on epoch 0
Model 0 test rmse = 2.322090
Ensemble test rmse = 2.322090
1-fold cross validation
Seed 0 ==> test rmse = 2.322090
Overall test rmse = 2.322090 +/- 0.000000
Fold 0
Model 0 best validation rmse = 3.581397 on epoch 0
Model 0 test rmse = 1.966085
Ensemble test rmse = 1.966085
1-fold cross validation
Seed 0 ==> test rmse = 1.966085
Overall test rmse = 1.966085 +/- 0.000000
Fold 0
Model 0 best validation rmse = 4.374728 on epoch 0
Model 0 test rmse = 1.500063
Ensemble test rmse = 1.500063
1-fold cross validation
Seed 0 ==> test rmse = 1.500063
Overall test rmse = 1.500063 +/- 0.000000
Fold 0
Model 0 best validation rmse = 3.115959 on epoch 0
Model 0 test rmse = 2.333065
Ensemble test rmse = 2.333065
1-fold cross validation
Seed 0 ==> test rmse = 2.333065
Overall test rmse = 2.333065 +/- 0.000000
Fold 0
Model 0 best validation rmse = 3.413080 on epoch 0
Model 0 test rmse = 2.611864
Ensemble test rmse = 2.611864
1-fold cross validation
Seed 0 ==> test rmse = 2.611864
Overall test rmse = 2.611864 +/- 0.000000
Fold 0
Model 0 best validation rmse = 3.936614 on epoch 0
Model 0 test rmse = 1.688712
Ensemble test rmse = 1.688712
1-fold cross validation
Seed 0 ==> test rmse = 1.688712
Overall test rmse = 1.688712 +/- 0.000000
Fold 0
Model 0 best validation rmse = 2.735872 on epoch 0
Model 0 test rmse = 2.711764
Ensemble test rmse = 2.711764
1-fold cross validation
Seed 0 ==> test rmse = 2.711764
Overall test rmse = 2.711764 +/- 0.000000
Fold 0
Model 0 best validation rmse = 3.758073 on epoch 0
Model 0 test rmse = 1.854200
Ensemble test rmse = 1.854200
1-fold cross validation
Seed 0 ==> test rmse = 1.854200
Overall test rmse = 1.854200 +/- 0.000000
Fold 0
Model 0 best validation rmse = 2.279929 on epoch 0
Model 0 test rmse = 3.151335
Ensemble test rmse = 3.151335
1-fold cross validation
Seed 0 ==> test rmse = 3.151335
Overall test rmse = 3.151335 +/- 0.000000
Fold 0
Model 0 best validation rmse = 2.360381 on epoch 0
Model 0 test rmse = 3.057382
Ensemble test rmse = 3.057382
1-fold cross validation
Seed 0 ==> test rmse = 3.057382
Overall test rmse = 3.057382 +/- 0.000000
Fold 0
Model 0 best validation rmse = 2.687539 on epoch 0
Model 0 test rmse = 2.736598
Ensemble test rmse = 2.736598
1-fold cross validation
Seed 0 ==> test rmse = 2.736598
Overall test rmse = 2.736598 +/- 0.000000
Fold 0
Model 0 best validation rmse = 2.570640 on epoch 0
Model 0 test rmse = 3.034106
Ensemble test rmse = 3.034106
1-fold cross validation
Seed 0 ==> test rmse = 3.034106
Overall test rmse = 3.034106 +/- 0.000000
Fold 0
Model 0 best validation rmse = 3.345020 on epoch 0
Model 0 test rmse = 2.139655
Ensemble test rmse = 2.139655
1-fold cross validation
Seed 0 ==> test rmse = 2.139655
Overall test rmse = 2.139655 +/- 0.000000
Fold 0
Model 0 best validation rmse = 3.644090 on epoch 0
Model 0 test rmse = 1.924077
Ensemble test rmse = 1.924077
1-fold cross validation
Seed 0 ==> test rmse = 1.924077
Overall test rmse = 1.924077 +/- 0.000000
Fold 0
Fold 0
Model 0 best validation rmse = 2.685719 on epoch 0
Model 0 test rmse = 3.156571
Ensemble test rmse = 3.156571
1-fold cross validation
Seed 0 ==> test rmse = 3.156571
Overall test rmse = 3.156571 +/- 0.000000
Fold 0
Model 0 best validation rmse = 3.581639 on epoch 0
Model 0 test rmse = 2.188797
Ensemble test rmse = 2.188797
1-fold cross validation
Seed 0 ==> test rmse = 2.188797
Overall test rmse = 2.188797 +/- 0.000000
Fold 0
Model 0 best validation rmse = 3.739936 on epoch 0
Model 0 test rmse = 1.510565
Ensemble test rmse = 1.510565
1-fold cross validation
Seed 0 ==> test rmse = 1.510565
Overall test rmse = 1.510565 +/- 0.000000
Fold 0
Model 0 best validation rmse = 2.838164 on epoch 0
Model 0 test rmse = 2.572972
Ensemble test rmse = 2.572972
1-fold cross validation
Seed 0 ==> test rmse = 2.572972
Overall test rmse = 2.572972 +/- 0.000000
Fold 0
Model 0 best validation rmse = 2.650416 on epoch 0
Model 0 test rmse = 2.594536
Ensemble test rmse = 2.594536
1-fold cross validation
Seed 0 ==> test rmse = 2.594536
Overall test rmse = 2.594536 +/- 0.000000
Fold 0
Fold 0
Fold 0
Fold 0
Fold 0
Fold 0
Model 0 best validation rmse = 3.013429 on epoch 0
Model 0 test rmse = 2.624269
Ensemble test rmse = 2.624269
1-fold cross validation
Seed 0 ==> test rmse = 2.624269
Overall test rmse = 2.624269 +/- 0.000000
Fold 0
Model 0 best validation rmse = 2.706975 on epoch 0
Model 0 test rmse = 2.821340
Ensemble test rmse = 2.821340
1-fold cross validation
Seed 0 ==> test rmse = 2.821340
Overall test rmse = 2.821340 +/- 0.000000
Fold 0
Model 0 best validation rmse = 4.093718 on epoch 0
Model 0 test rmse = 1.658072
Ensemble test rmse = 1.658072
1-fold cross validation
Seed 0 ==> test rmse = 1.658072
Overall test rmse = 1.658072 +/- 0.000000
Fold 0
Model 0 best validation rmse = 2.568686 on epoch 0
Model 0 test rmse = 2.465281
Ensemble test rmse = 2.465281
1-fold cross validation
Seed 0 ==> test rmse = 2.465281
Overall test rmse = 2.465281 +/- 0.000000
Fold 0
Model 0 best validation rmse = 0.510215 on epoch 25
Model 0 test rmse = 0.556735
Ensemble test rmse = 0.556735
1-fold cross validation
Seed 0 ==> test rmse = 0.556735
Overall test rmse = 0.556735 +/- 0.000000
Fold 0
Model 0 best validation rmse = 0.430835 on epoch 29
Model 0 test rmse = 0.412861
Ensemble test rmse = 0.412861
1-fold cross validation
Seed 0 ==> test rmse = 0.412861
Overall test rmse = 0.412861 +/- 0.000000
Fold 0
Fold 0
Model 0 best validation rmse = 0.450690 on epoch 28
Model 0 test rmse = 0.436482
Ensemble test rmse = 0.436482
1-fold cross validation
Seed 0 ==> test rmse = 0.436482
Overall test rmse = 0.436482 +/- 0.000000
Fold 0
Model 0 best validation rmse = 0.435060 on epoch 29
Model 0 test rmse = 0.456570
Ensemble test rmse = 0.456570
1-fold cross validation
Seed 0 ==> test rmse = 0.456570
Overall test rmse = 0.456570 +/- 0.000000
Fold 0
Model 0 best validation rmse = 0.520002 on epoch 27
Model 0 test rmse = 0.544850
Ensemble test rmse = 0.544850
1-fold cross validation
Seed 0 ==> test rmse = 0.544850
Overall test rmse = 0.544850 +/- 0.000000
Fold 0
Fold 0
Model 0 best validation rmse = 0.519603 on epoch 29
Model 0 test rmse = 0.546749
Ensemble test rmse = 0.546749
1-fold cross validation
Seed 0 ==> test rmse = 0.546749
Overall test rmse = 0.546749 +/- 0.000000
Fold 0
Fold 0
Fold 0
Fold 0
Fold 0
Model 0 best validation rmse = 0.515401 on epoch 26
Model 0 test rmse = 0.562198
Ensemble test rmse = 0.562198
1-fold cross validation
Seed 0 ==> test rmse = 0.562198
Overall test rmse = 0.562198 +/- 0.000000
Fold 0
Fold 0
Model 0 best validation rmse = 0.515625 on epoch 29
Model 0 test rmse = 0.551323
Ensemble test rmse = 0.551323
1-fold cross validation
Seed 0 ==> test rmse = 0.551323
Overall test rmse = 0.551323 +/- 0.000000
Fold 0
Fold 0
Fold 0
Model 0 best validation rmse = 0.516287 on epoch 26
Model 0 test rmse = 0.572998
Ensemble test rmse = 0.572998
1-fold cross validation
Seed 0 ==> test rmse = 0.572998
Overall test rmse = 0.572998 +/- 0.000000
Fold 0
Fold 0
Fold 0
Model 0 best validation rmse = 0.727119 on epoch 28
Model 0 test rmse = 0.688438
Ensemble test rmse = 0.688438
1-fold cross validation
Seed 0 ==> test rmse = 0.688438
Overall test rmse = 0.688438 +/- 0.000000
Fold 0
Fold 0
Model 0 best validation rmse = 0.734169 on epoch 27
Model 0 test rmse = 0.712918
Ensemble test rmse = 0.712918
1-fold cross validation
Seed 0 ==> test rmse = 0.712918
Overall test rmse = 0.712918 +/- 0.000000
Fold 0
Model 0 best validation rmse = 0.759627 on epoch 28
Model 0 test rmse = 0.727353
Ensemble test rmse = 0.727353
1-fold cross validation
Seed 0 ==> test rmse = 0.727353
Overall test rmse = 0.727353 +/- 0.000000
Fold 0
Fold 0
Model 0 best validation rmse = 0.382514 on epoch 29
Model 0 best validation rmse = 0.382514 on epoch 29
Model 0 test rmse = 0.561032
Model 0 test rmse = 0.561032
Ensemble test rmse = 0.561032
Ensemble test rmse = 0.561032
1-fold cross validation
1-fold cross validation
Seed 0 ==> test rmse = 0.561032
Seed 0 ==> test rmse = 0.561032
Overall test rmse = 0.561032 +/- 0.000000
Overall test rmse = 0.561032 +/- 0.000000
Fold 0
Fold 0
Fold 0
Fold 0
Fold 0
Fold 0
Fold 0
Model 0 best validation rmse = 0.734541 on epoch 28
Model 0 test rmse = 0.701214
Ensemble test rmse = 0.701214
1-fold cross validation
Seed 0 ==> test rmse = 0.701214
Overall test rmse = 0.701214 +/- 0.000000
Fold 0
Model 0 best validation rmse = 0.755330 on epoch 28
Model 0 test rmse = 0.736045
Ensemble test rmse = 0.736045
1-fold cross validation
Seed 0 ==> test rmse = 0.736045
Overall test rmse = 0.736045 +/- 0.000000
Fold 0
Fold 0
Model 0 best validation rmse = 0.379926 on epoch 27
Model 0 best validation rmse = 0.379926 on epoch 27
Model 0 test rmse = 0.587502
Model 0 test rmse = 0.587502
Ensemble test rmse = 0.587502
Ensemble test rmse = 0.587502
1-fold cross validation
1-fold cross validation
Seed 0 ==> test rmse = 0.587502
Seed 0 ==> test rmse = 0.587502
Overall test rmse = 0.587502 +/- 0.000000
Overall test rmse = 0.587502 +/- 0.000000
Fold 0
Fold 0
Fold 0
Fold 0
Fold 0
Model 0 best validation rmse = 0.746340 on epoch 28
Model 0 test rmse = 0.711769
Ensemble test rmse = 0.711769
1-fold cross validation
Seed 0 ==> test rmse = 0.711769
Overall test rmse = 0.711769 +/- 0.000000
Fold 0
Model 0 best validation rmse = 0.756610 on epoch 28
Model 0 test rmse = 0.722545
Ensemble test rmse = 0.722545
1-fold cross validation
Seed 0 ==> test rmse = 0.722545
Overall test rmse = 0.722545 +/- 0.000000
Fold 0
Fold 0
Fold 0
Model 0 best validation rmse = 0.735119 on epoch 28
Model 0 test rmse = 0.699905
Ensemble test rmse = 0.699905
1-fold cross validation
Seed 0 ==> test rmse = 0.699905
Overall test rmse = 0.699905 +/- 0.000000
Fold 0
Fold 0
Model 0 best validation rmse = 0.526632 on epoch 26
Model 0 best validation rmse = 0.526632 on epoch 26
Model 0 test rmse = 0.562491
Model 0 test rmse = 0.562491
Ensemble test rmse = 0.562491
Ensemble test rmse = 0.562491
1-fold cross validation
1-fold cross validation
Seed 0 ==> test rmse = 0.562491
Seed 0 ==> test rmse = 0.562491
Overall test rmse = 0.562491 +/- 0.000000
Overall test rmse = 0.562491 +/- 0.000000
Fold 0
Fold 0
Fold 0
Model 0 best validation rmse = 0.365957 on epoch 27
Model 0 best validation rmse = 0.365957 on epoch 27
Model 0 best validation rmse = 0.365957 on epoch 27
Model 0 test rmse = 0.571339
Model 0 test rmse = 0.571339
Model 0 test rmse = 0.571339
Ensemble test rmse = 0.571339
Ensemble test rmse = 0.571339
Ensemble test rmse = 0.571339
1-fold cross validation
1-fold cross validation
1-fold cross validation
Seed 0 ==> test rmse = 0.571339
Seed 0 ==> test rmse = 0.571339
Seed 0 ==> test rmse = 0.571339
Overall test rmse = 0.571339 +/- 0.000000
Overall test rmse = 0.571339 +/- 0.000000
Overall test rmse = 0.571339 +/- 0.000000
Fold 0
Fold 0
Fold 0
Fold 0
Model 0 best validation rmse = 0.428574 on epoch 29
Model 0 best validation rmse = 0.428574 on epoch 29
Model 0 best validation rmse = 0.428574 on epoch 29
Model 0 best validation rmse = 0.428574 on epoch 29
Model 0 test rmse = 0.415211
Model 0 test rmse = 0.415211
Model 0 test rmse = 0.415211
Model 0 test rmse = 0.415211
Ensemble test rmse = 0.415211
Ensemble test rmse = 0.415211
Ensemble test rmse = 0.415211
Ensemble test rmse = 0.415211
1-fold cross validation
1-fold cross validation
1-fold cross validation
1-fold cross validation
Seed 0 ==> test rmse = 0.415211
Seed 0 ==> test rmse = 0.415211
Seed 0 ==> test rmse = 0.415211
Seed 0 ==> test rmse = 0.415211
Overall test rmse = 0.415211 +/- 0.000000
Overall test rmse = 0.415211 +/- 0.000000
Overall test rmse = 0.415211 +/- 0.000000
Overall test rmse = 0.415211 +/- 0.000000
Fold 0
Fold 0
Fold 0
Fold 0
Fold 0
Model 0 best validation rmse = 1.019955 on epoch 29
Model 0 best validation rmse = 1.019955 on epoch 29
Model 0 best validation rmse = 1.019955 on epoch 29
Model 0 best validation rmse = 1.019955 on epoch 29
Model 0 best validation rmse = 1.019955 on epoch 29
Model 0 test rmse = 0.861638
Model 0 test rmse = 0.861638
Model 0 test rmse = 0.861638
Model 0 test rmse = 0.861638
Model 0 test rmse = 0.861638
Ensemble test rmse = 0.861638
Ensemble test rmse = 0.861638
Ensemble test rmse = 0.861638
Ensemble test rmse = 0.861638
Ensemble test rmse = 0.861638
1-fold cross validation
1-fold cross validation
1-fold cross validation
1-fold cross validation
1-fold cross validation
Seed 0 ==> test rmse = 0.861638
Seed 0 ==> test rmse = 0.861638
Seed 0 ==> test rmse = 0.861638
Seed 0 ==> test rmse = 0.861638
Seed 0 ==> test rmse = 0.861638
Overall test rmse = 0.861638 +/- 0.000000
Overall test rmse = 0.861638 +/- 0.000000
Overall test rmse = 0.861638 +/- 0.000000
Overall test rmse = 0.861638 +/- 0.000000
Overall test rmse = 0.861638 +/- 0.000000
Fold 0
Fold 0
Fold 0
Fold 0
Fold 0
Fold 0
Model 0 best validation rmse = 0.733729 on epoch 28
Model 0 test rmse = 0.693904
Ensemble test rmse = 0.693904
1-fold cross validation
Seed 0 ==> test rmse = 0.693904
Overall test rmse = 0.693904 +/- 0.000000
Fold 0
Fold 0
Model 0 best validation rmse = 0.525470 on epoch 29
Model 0 best validation rmse = 0.525470 on epoch 29
Model 0 test rmse = 0.548381
Model 0 test rmse = 0.548381
Ensemble test rmse = 0.548381
Ensemble test rmse = 0.548381
1-fold cross validation
1-fold cross validation
Seed 0 ==> test rmse = 0.548381
Seed 0 ==> test rmse = 0.548381
Overall test rmse = 0.548381 +/- 0.000000
Overall test rmse = 0.548381 +/- 0.000000
Fold 0
Fold 0
Fold 0
Model 0 best validation rmse = 0.383453 on epoch 27
Model 0 best validation rmse = 0.383453 on epoch 27
Model 0 best validation rmse = 0.383453 on epoch 27
Model 0 test rmse = 0.594455
Model 0 test rmse = 0.594455
Model 0 test rmse = 0.594455
Ensemble test rmse = 0.594455
Ensemble test rmse = 0.594455
Ensemble test rmse = 0.594455
1-fold cross validation
1-fold cross validation
1-fold cross validation
Seed 0 ==> test rmse = 0.594455
Seed 0 ==> test rmse = 0.594455
Seed 0 ==> test rmse = 0.594455
Overall test rmse = 0.594455 +/- 0.000000
Overall test rmse = 0.594455 +/- 0.000000
Overall test rmse = 0.594455 +/- 0.000000
Fold 0
Fold 0
Fold 0
Fold 0
Model 0 best validation rmse = 0.421010 on epoch 24
Model 0 best validation rmse = 0.421010 on epoch 24
Model 0 best validation rmse = 0.421010 on epoch 24
Model 0 best validation rmse = 0.421010 on epoch 24
Model 0 test rmse = 0.412913
Model 0 test rmse = 0.412913
Model 0 test rmse = 0.412913
Model 0 test rmse = 0.412913
Ensemble test rmse = 0.412913
Ensemble test rmse = 0.412913
Ensemble test rmse = 0.412913
Ensemble test rmse = 0.412913
1-fold cross validation
1-fold cross validation
1-fold cross validation
1-fold cross validation
Seed 0 ==> test rmse = 0.412913
Seed 0 ==> test rmse = 0.412913
Seed 0 ==> test rmse = 0.412913
Seed 0 ==> test rmse = 0.412913
Overall test rmse = 0.412913 +/- 0.000000
Overall test rmse = 0.412913 +/- 0.000000
Overall test rmse = 0.412913 +/- 0.000000
Overall test rmse = 0.412913 +/- 0.000000
Fold 0
Fold 0
Fold 0
Fold 0
Fold 0
Model 0 best validation rmse = 1.016260 on epoch 29
Model 0 best validation rmse = 1.016260 on epoch 29
Model 0 best validation rmse = 1.016260 on epoch 29
Model 0 best validation rmse = 1.016260 on epoch 29
Model 0 best validation rmse = 1.016260 on epoch 29
Model 0 test rmse = 0.936213
Model 0 test rmse = 0.936213
Model 0 test rmse = 0.936213
Model 0 test rmse = 0.936213
Model 0 test rmse = 0.936213
Ensemble test rmse = 0.936213
Ensemble test rmse = 0.936213
Ensemble test rmse = 0.936213
Ensemble test rmse = 0.936213
Ensemble test rmse = 0.936213
1-fold cross validation
1-fold cross validation
1-fold cross validation
1-fold cross validation
1-fold cross validation
Seed 0 ==> test rmse = 0.936213
Seed 0 ==> test rmse = 0.936213
Seed 0 ==> test rmse = 0.936213
Seed 0 ==> test rmse = 0.936213
Seed 0 ==> test rmse = 0.936213
Overall test rmse = 0.936213 +/- 0.000000
Overall test rmse = 0.936213 +/- 0.000000
Overall test rmse = 0.936213 +/- 0.000000
Overall test rmse = 0.936213 +/- 0.000000
Overall test rmse = 0.936213 +/- 0.000000
Fold 0
Fold 0
Fold 0
Model 0 best validation rmse = 1.649496 on epoch 21
Model 0 test rmse = 1.925222
Ensemble test rmse = 1.925222
1-fold cross validation
Seed 0 ==> test rmse = 1.925222
Overall test rmse = 1.925222 +/- 0.000000
Fold 0
Fold 0
Model 0 best validation rmse = 0.773747 on epoch 28
Model 0 test rmse = 0.729928
Ensemble test rmse = 0.729928
1-fold cross validation
Seed 0 ==> test rmse = 0.729928
Overall test rmse = 0.729928 +/- 0.000000
Fold 0
Fold 0
Model 0 best validation rmse = 0.534687 on epoch 25
Model 0 best validation rmse = 0.534687 on epoch 25
Model 0 test rmse = 0.546851
Model 0 test rmse = 0.546851
Ensemble test rmse = 0.546851
Ensemble test rmse = 0.546851
1-fold cross validation
1-fold cross validation
Seed 0 ==> test rmse = 0.546851
Seed 0 ==> test rmse = 0.546851
Overall test rmse = 0.546851 +/- 0.000000
Overall test rmse = 0.546851 +/- 0.000000
Fold 0
Fold 0
Fold 0
Model 0 best validation rmse = 0.371035 on epoch 29
Model 0 best validation rmse = 0.371035 on epoch 29
Model 0 best validation rmse = 0.371035 on epoch 29
Model 0 test rmse = 0.573417
Model 0 test rmse = 0.573417
Model 0 test rmse = 0.573417
Ensemble test rmse = 0.573417
Ensemble test rmse = 0.573417
Ensemble test rmse = 0.573417
1-fold cross validation
1-fold cross validation
1-fold cross validation
Seed 0 ==> test rmse = 0.573417
Seed 0 ==> test rmse = 0.573417
Seed 0 ==> test rmse = 0.573417
Overall test rmse = 0.573417 +/- 0.000000
Overall test rmse = 0.573417 +/- 0.000000
Overall test rmse = 0.573417 +/- 0.000000
Fold 0
Fold 0
Fold 0
Fold 0
Model 0 best validation rmse = 0.427418 on epoch 29
Model 0 best validation rmse = 0.427418 on epoch 29
Model 0 best validation rmse = 0.427418 on epoch 29
Model 0 best validation rmse = 0.427418 on epoch 29
Model 0 test rmse = 0.409340
Model 0 test rmse = 0.409340
Model 0 test rmse = 0.409340
Model 0 test rmse = 0.409340
Ensemble test rmse = 0.409340
Ensemble test rmse = 0.409340
Ensemble test rmse = 0.409340
Ensemble test rmse = 0.409340
1-fold cross validation
1-fold cross validation
1-fold cross validation
1-fold cross validation
Seed 0 ==> test rmse = 0.409340
Seed 0 ==> test rmse = 0.409340
Seed 0 ==> test rmse = 0.409340
Seed 0 ==> test rmse = 0.409340
Overall test rmse = 0.409340 +/- 0.000000
Overall test rmse = 0.409340 +/- 0.000000
Overall test rmse = 0.409340 +/- 0.000000
Overall test rmse = 0.409340 +/- 0.000000
Fold 0
Fold 0
Fold 0
Fold 0
Fold 0
Model 0 best validation rmse = 1.066747 on epoch 28
Model 0 best validation rmse = 1.066747 on epoch 28
Model 0 best validation rmse = 1.066747 on epoch 28
Model 0 best validation rmse = 1.066747 on epoch 28
Model 0 best validation rmse = 1.066747 on epoch 28
Model 0 test rmse = 0.967177
Model 0 test rmse = 0.967177
Model 0 test rmse = 0.967177
Model 0 test rmse = 0.967177
Model 0 test rmse = 0.967177
Ensemble test rmse = 0.967177
Ensemble test rmse = 0.967177
Ensemble test rmse = 0.967177
Ensemble test rmse = 0.967177
Ensemble test rmse = 0.967177
1-fold cross validation
1-fold cross validation
1-fold cross validation
1-fold cross validation
1-fold cross validation
Seed 0 ==> test rmse = 0.967177
Seed 0 ==> test rmse = 0.967177
Seed 0 ==> test rmse = 0.967177
Seed 0 ==> test rmse = 0.967177
Seed 0 ==> test rmse = 0.967177
Overall test rmse = 0.967177 +/- 0.000000
Overall test rmse = 0.967177 +/- 0.000000
Overall test rmse = 0.967177 +/- 0.000000
Overall test rmse = 0.967177 +/- 0.000000
Overall test rmse = 0.967177 +/- 0.000000
Fold 0
Fold 0
Fold 0
Fold 0
Fold 0
Fold 0
Model 0 best validation rmse = 1.653501 on epoch 27
Model 0 best validation rmse = 1.653501 on epoch 27
Model 0 best validation rmse = 1.653501 on epoch 27
Model 0 best validation rmse = 1.653501 on epoch 27
Model 0 best validation rmse = 1.653501 on epoch 27
Model 0 best validation rmse = 1.653501 on epoch 27
Model 0 test rmse = 1.940659
Model 0 test rmse = 1.940659
Model 0 test rmse = 1.940659
Model 0 test rmse = 1.940659
Model 0 test rmse = 1.940659
Model 0 test rmse = 1.940659
Ensemble test rmse = 1.940659
Ensemble test rmse = 1.940659
Ensemble test rmse = 1.940659
Ensemble test rmse = 1.940659
Ensemble test rmse = 1.940659
Ensemble test rmse = 1.940659
1-fold cross validation
1-fold cross validation
1-fold cross validation
1-fold cross validation
1-fold cross validation
1-fold cross validation
Seed 0 ==> test rmse = 1.940659
Seed 0 ==> test rmse = 1.940659
Seed 0 ==> test rmse = 1.940659
Seed 0 ==> test rmse = 1.940659
Seed 0 ==> test rmse = 1.940659
Seed 0 ==> test rmse = 1.940659
Overall test rmse = 1.940659 +/- 0.000000
Overall test rmse = 1.940659 +/- 0.000000
Overall test rmse = 1.940659 +/- 0.000000
Overall test rmse = 1.940659 +/- 0.000000
Overall test rmse = 1.940659 +/- 0.000000
Overall test rmse = 1.940659 +/- 0.000000
Fold 0
Model 0 best validation rmse = 0.755068 on epoch 28
Model 0 test rmse = 0.700732
Ensemble test rmse = 0.700732
1-fold cross validation
Seed 0 ==> test rmse = 0.700732
Overall test rmse = 0.700732 +/- 0.000000
Fold 0
Fold 0
Fold 0
Model 0 best validation rmse = 0.518536 on epoch 26
Model 0 test rmse = 0.549446
Ensemble test rmse = 0.549446
1-fold cross validation
Seed 0 ==> test rmse = 0.549446
Overall test rmse = 0.549446 +/- 0.000000
Fold 0
Fold 0
Model 0 best validation rmse = 0.369967 on epoch 27
Model 0 best validation rmse = 0.369967 on epoch 27
Model 0 test rmse = 0.582213
Model 0 test rmse = 0.582213
Ensemble test rmse = 0.582213
Ensemble test rmse = 0.582213
1-fold cross validation
1-fold cross validation
Seed 0 ==> test rmse = 0.582213
Seed 0 ==> test rmse = 0.582213
Overall test rmse = 0.582213 +/- 0.000000
Overall test rmse = 0.582213 +/- 0.000000
Fold 0
Fold 0
Fold 0
Fold 0
Model 0 best validation rmse = 0.525734 on epoch 28
Model 0 test rmse = 0.543741
Ensemble test rmse = 0.543741
1-fold cross validation
Seed 0 ==> test rmse = 0.543741
Overall test rmse = 0.543741 +/- 0.000000
Fold 0
Fold 0
Model 0 best validation rmse = 0.355400 on epoch 27
Model 0 best validation rmse = 0.355400 on epoch 27
Model 0 test rmse = 0.602015
Model 0 test rmse = 0.602015
Ensemble test rmse = 0.602015
Ensemble test rmse = 0.602015
1-fold cross validation
1-fold cross validation
Seed 0 ==> test rmse = 0.602015
Seed 0 ==> test rmse = 0.602015
Overall test rmse = 0.602015 +/- 0.000000
Overall test rmse = 0.602015 +/- 0.000000
Fold 0
Fold 0
Fold 0
Model 0 best validation rmse = 0.417606 on epoch 29
Model 0 best validation rmse = 0.417606 on epoch 29
Model 0 best validation rmse = 0.417606 on epoch 29
Model 0 test rmse = 0.411736
Model 0 test rmse = 0.411736
Model 0 test rmse = 0.411736
Ensemble test rmse = 0.411736
Ensemble test rmse = 0.411736
Ensemble test rmse = 0.411736
1-fold cross validation
1-fold cross validation
1-fold cross validation
Seed 0 ==> test rmse = 0.411736
Seed 0 ==> test rmse = 0.411736
Seed 0 ==> test rmse = 0.411736
Overall test rmse = 0.411736 +/- 0.000000
Overall test rmse = 0.411736 +/- 0.000000
Overall test rmse = 0.411736 +/- 0.000000
Fold 0
Fold 0
Fold 0
Fold 0
Model 0 best validation rmse = 1.058395 on epoch 29
Model 0 best validation rmse = 1.058395 on epoch 29
Model 0 best validation rmse = 1.058395 on epoch 29
Model 0 best validation rmse = 1.058395 on epoch 29
Model 0 test rmse = 0.906621
Model 0 test rmse = 0.906621
Model 0 test rmse = 0.906621
Model 0 test rmse = 0.906621
Ensemble test rmse = 0.906621
Ensemble test rmse = 0.906621
Ensemble test rmse = 0.906621
Ensemble test rmse = 0.906621
1-fold cross validation
1-fold cross validation
1-fold cross validation
1-fold cross validation
Seed 0 ==> test rmse = 0.906621
Seed 0 ==> test rmse = 0.906621
Seed 0 ==> test rmse = 0.906621
Seed 0 ==> test rmse = 0.906621
Overall test rmse = 0.906621 +/- 0.000000
Overall test rmse = 0.906621 +/- 0.000000
Overall test rmse = 0.906621 +/- 0.000000
Overall test rmse = 0.906621 +/- 0.000000
Fold 0
Fold 0
Fold 0
Fold 0
Fold 0
Model 0 best validation rmse = 1.653623 on epoch 26
Model 0 best validation rmse = 1.653623 on epoch 26
Model 0 best validation rmse = 1.653623 on epoch 26
Model 0 best validation rmse = 1.653623 on epoch 26
Model 0 best validation rmse = 1.653623 on epoch 26
Model 0 test rmse = 1.984343
Model 0 test rmse = 1.984343
Model 0 test rmse = 1.984343
Model 0 test rmse = 1.984343
Model 0 test rmse = 1.984343
Ensemble test rmse = 1.984343
Ensemble test rmse = 1.984343
Ensemble test rmse = 1.984343
Ensemble test rmse = 1.984343
Ensemble test rmse = 1.984343
1-fold cross validation
1-fold cross validation
1-fold cross validation
1-fold cross validation
1-fold cross validation
Seed 0 ==> test rmse = 1.984343
Seed 0 ==> test rmse = 1.984343
Seed 0 ==> test rmse = 1.984343
Seed 0 ==> test rmse = 1.984343
Seed 0 ==> test rmse = 1.984343
Overall test rmse = 1.984343 +/- 0.000000
Overall test rmse = 1.984343 +/- 0.000000
Overall test rmse = 1.984343 +/- 0.000000
Overall test rmse = 1.984343 +/- 0.000000
Overall test rmse = 1.984343 +/- 0.000000
